<?xml version="1.0" encoding="UTF-8"?>
<!-- Generated by org.testng.reporters.JUnitReportReporter -->
<testsuite hostname="Gireesh-miBook" failures="0" tests="5" name="com.Ecom_Express.testCases.TC_Login_001" time="0.053" errors="0" timestamp="2025-02-04T20:00:26 IST" skipped="0">
  <testcase classname="com.Ecom_Express.testCases.TC_Login_001" name="BasicTestsix" time="0.008"/>
  <system-out/>
  <testcase classname="com.Ecom_Express.testCases.TC_Login_001" name="BasicTestsix" time="0.003"/>
  <system-out/>
  <testcase classname="com.Ecom_Express.testCases.TC_Login_001" name="BasicTestsix" time="0.002"/>
  <system-out/>
  <testcase classname="com.Ecom_Express.testCases.TC_Login_001" name="BasicTestsix" time="0.034"/>
  <system-out/>
  <testcase classname="com.Ecom_Express.testCases.TC_Login_001" name="BasicTestsix" time="0.006"/>
  <system-out/>
</testsuite> <!-- com.Ecom_Express.testCases.TC_Login_001 -->
