<?xml version="1.0" encoding="UTF-8"?>
<!-- Generated by org.testng.reporters.JUnitReportReporter -->
<testsuite hostname="Gireesh-miBook" failures="0" tests="2" name="com.Ecom_Express.testCases.TC_Login_001" time="0.009" errors="0" timestamp="2025-02-04T15:54:06 IST" skipped="0">
  <testcase classname="com.Ecom_Express.testCases.TC_Login_001" name="BasicTesttwo" time="0.002"/>
  <system-out/>
  <testcase classname="com.Ecom_Express.testCases.TC_Login_001" name="BasicTesttwo" time="0.007"/>
  <system-out/>
</testsuite> <!-- com.Ecom_Express.testCases.TC_Login_001 -->
